<?xml version="1.0" encoding="UTF-8"?>
<!-- Generated by org.testng.reporters.JUnitXMLReporter -->
<testsuite ignored="0" hostname="Darshan" failures="0" tests="1" name="Default test" time="0.092" errors="0" timestamp="2021-10-06T14:38:17 IST">
  <testcase classname="testng.SeleniumMultiBrowserProgram" name="@BeforeClass show" time="-1.633511297828E9">
    <failure type="org.testng.TestNGException" message="
Parameter &amp;apos;browsername&amp;apos; is required by BeforeClass on method show but has not been marked @Optional or defined
in C:\Users\darsh\AppData\Local\Temp\testng-eclipse--1109366985\testng-customsuite.xml">
      <![CDATA[org.testng.TestNGException: 
Parameter 'browsername' is required by BeforeClass on method show but has not been marked @Optional or defined
in C:\Users\darsh\AppData\Local\Temp\testng-eclipse--1109366985\testng-customsuite.xml
at org.testng.internal.Parameters.createParams(Parameters.java:270)
at org.testng.internal.Parameters.createParametersForMethod(Parameters.java:358)
at org.testng.internal.Parameters.createParameters(Parameters.java:700)
at org.testng.internal.Parameters.createConfigurationParameters(Parameters.java:168)
at org.testng.internal.ConfigInvoker.invokeConfigurations(ConfigInvoker.java:302)
at org.testng.internal.TestMethodWorker.invokeBeforeClassMethods(TestMethodWorker.java:176)
at org.testng.internal.TestMethodWorker.run(TestMethodWorker.java:122)
at java.base/java.util.ArrayList.forEach(ArrayList.java:1511)
at org.testng.TestRunner.privateRun(TestRunner.java:794)
at org.testng.TestRunner.run(TestRunner.java:596)
at org.testng.SuiteRunner.runTest(SuiteRunner.java:377)
at org.testng.SuiteRunner.runSequentially(SuiteRunner.java:371)
at org.testng.SuiteRunner.privateRun(SuiteRunner.java:332)
at org.testng.SuiteRunner.run(SuiteRunner.java:276)
at org.testng.SuiteRunnerWorker.runSuite(SuiteRunnerWorker.java:53)
at org.testng.SuiteRunnerWorker.run(SuiteRunnerWorker.java:96)
at org.testng.TestNG.runSuitesSequentially(TestNG.java:1212)
at org.testng.TestNG.runSuitesLocally(TestNG.java:1134)
at org.testng.TestNG.runSuites(TestNG.java:1063)
at org.testng.TestNG.run(TestNG.java:1031)
at org.testng.remote.AbstractRemoteTestNG.run(AbstractRemoteTestNG.java:115)
at org.testng.remote.RemoteTestNG.initAndRun(RemoteTestNG.java:251)
at org.testng.remote.RemoteTestNG.main(RemoteTestNG.java:77)
]]>
    </failure>
  </testcase> <!-- @BeforeClass show -->
  <testcase classname="testng.SeleniumMultiBrowserProgram" name="@AfterClass windowexit" time="-1.633511297878E9">
    <skipped/>
  </testcase> <!-- @AfterClass windowexit -->
  <testcase classname="testng.SeleniumMultiBrowserProgram" name="test" time="0.0">
    <skipped/>
  </testcase> <!-- test -->
</testsuite> <!-- Default test -->
